start: s
accept: ac
reject: rj
blank: _

s 1 -> st 1 >
st 1 -> st 1 >
st 0 -> st 0 >
st _ -> stt * >
stt _ -> sdv 1 > 

sdv _ -> s1 _ >
s1 _ -> s2 _ >
s2 _ -> s3 _ >
s3 _ -> s4 _ >
s4 _ -> s5 _ >
s5 _ -> s6 _ >
s6 _ -> s7 _ >
s7 _ -> s8 _ >
s8 _ -> s9 _ >
s9 _ -> s10 _ >
s10 _ -> s11 _ >
s11 _ -> s12 _ >
s12 _ -> s13 _ >
s13 _ -> s14 _ >
s14 _ -> s15 _ >
s15 _ -> s16 _ >
s16 _ -> s17 _ >
s17 _ -> s18 _ >
s18 _ -> s19 _ >
s19 _ -> s20 _ >
s20 _ -> s21 _ >
s21 _ -> s22 _ >
s22 _ -> s23 _ >
s23 _ -> s24 _ >
s24 _ -> s25 _ >
s25 _ -> s26 _ >
s26 _ -> s27 _ >
s27 _ -> s28 _ >
s28 _ -> s29 _ >
s29 _ -> s30 _ >
s30 _ -> s31 _ >
s31 _ -> s32 _ >
s32 _ -> s33 _ >
s33 _ -> s34 _ >
s34 _ -> s35 _ >
s35 _ -> s36 _ >
s36 _ -> s37 _ >
s37 _ -> s38 _ >
s38 _ -> s39 _ >
s39 _ -> s40 _ >
s40 _ -> s41 _ >
s41 _ -> s42 _ >
s42 _ -> s43 _ >
s43 _ -> s44 _ >
s44 _ -> s45 _ >
s45 _ -> s46 _ >
s46 _ -> s47 _ >
s47 _ -> s48 _ >
s48 _ -> s49 _ >
s49 _ -> s50 _ >
s50 _ -> s51 _ >
s51 _ -> s52 _ >
s52 _ -> s53 _ >
s53 _ -> s54 _ >
s54 _ -> s55 _ >
s55 _ -> s56 _ >
s56 _ -> s57 _ >
s57 _ -> s58 _ >
s58 _ -> s59 _ >
s59 _ -> s60 _ >
s60 _ -> s61 _ >
s61 _ -> s62 _ >
s62 _ -> s63 _ >
s63 _ -> s64 _ >
s64 _ -> s65 _ >
s65 _ -> s66 _ >
s66 _ -> s67 _ >
s67 _ -> s68 _ >
s68 _ -> s69 _ >
s69 _ -> s70 _ >
s70 _ -> s71 _ >
s71 _ -> s72 _ >
s72 _ -> s73 _ >
s73 _ -> s74 _ >
s74 _ -> s75 _ >
s75 _ -> s76 _ >
s76 _ -> s77 _ >
s77 _ -> s78 _ >
s78 _ -> s79 _ >
s79 _ -> s80 _ >
s80 _ -> s81 _ >
s81 _ -> s82 _ >
s82 _ -> s83 _ >
s83 _ -> s84 _ >
s84 _ -> s85 _ >
s85 _ -> s86 _ >
s86 _ -> s87 _ >
s87 _ -> s88 _ >
s88 _ -> s89 _ >
s89 _ -> s90 _ >
s90 _ -> s91 _ >
s91 _ -> s92 _ >
s92 _ -> s93 _ >
s93 _ -> s94 _ >
s94 _ -> s95 _ >
s95 _ -> s96 _ >
s96 _ -> s97 _ >
s97 _ -> s98 _ >
s98 _ -> s99 _ >
s99 _ -> s100 _ >
s100 _ -> s101 _ >
s101 _ -> s102 _ >
s102 _ -> s103 _ >
s103 _ -> s104 _ >
s104 _ -> s105 _ >
s105 _ -> s106 _ >
s106 _ -> s107 _ >
s107 _ -> s108 _ >
s108 _ -> s109 _ >
s109 _ -> s110 _ >
s110 _ -> s111 _ >
s111 _ -> s112 _ >
s112 _ -> s113 _ >
s113 _ -> s114 _ >
s114 _ -> s115 _ >
s115 _ -> s116 _ >
s116 _ -> s117 _ >
s117 _ -> s118 _ >
s118 _ -> s119 _ >
s119 _ -> s120 _ >
s120 _ -> s121 _ >
s121 _ -> s122 _ >
s122 _ -> s123 _ >
s123 _ -> s124 _ >
s124 _ -> s125 _ >
s125 _ -> s126 _ >
s126 _ -> s127 _ >
s127 _ -> s128 _ >
s128 _ -> s129 _ >
s129 _ -> s130 _ >
s130 _ -> s131 _ >
s131 _ -> s132 _ >
s132 _ -> s133 _ >
s133 _ -> s134 _ >
s134 _ -> s135 _ >
s135 _ -> s136 _ >
s136 _ -> s137 _ >
s137 _ -> s138 _ >
s138 _ -> s139 _ >
s139 _ -> s140 _ >
s140 _ -> s141 _ >
s141 _ -> s142 _ >
s142 _ -> s143 _ >
s143 _ -> s144 _ >
s144 _ -> s145 _ >
s145 _ -> s146 _ >
s146 _ -> s147 _ >
s147 _ -> s148 _ >
s148 _ -> s149 _ >
s149 _ -> s150 _ >
s150 _ -> s151 _ >
s151 _ -> s152 _ >
s152 _ -> s153 _ >
s153 _ -> s154 _ >
s154 _ -> s155 _ >
s155 _ -> s156 _ >
s156 _ -> s157 _ >
s157 _ -> s158 _ >
s158 _ -> s159 _ >
s159 _ -> s160 _ >
s160 _ -> s161 _ >
s161 _ -> s162 _ >
s162 _ -> s163 _ >
s163 _ -> s164 _ >
s164 _ -> s165 _ >
s165 _ -> s166 _ >
s166 _ -> s167 _ >
s167 _ -> s168 _ >
s168 _ -> s169 _ >
s169 _ -> s170 _ >
s170 _ -> s171 _ >
s171 _ -> s172 _ >
s172 _ -> s173 _ >
s173 _ -> s174 _ >
s174 _ -> s175 _ >
s175 _ -> s176 _ >
s176 _ -> s177 _ >
s177 _ -> s178 _ >
s178 _ -> s179 _ >
s179 _ -> s180 _ >
s180 _ -> s181 _ >
s181 _ -> s182 _ >
s182 _ -> s183 _ >
s183 _ -> s184 _ >
s184 _ -> s185 _ >
s185 _ -> s186 _ >
s186 _ -> s187 _ >
s187 _ -> s188 _ >
s188 _ -> s189 _ >
s189 _ -> s190 _ >
s190 _ -> s191 _ >
s191 _ -> s192 _ >
s192 _ -> s193 _ >
s193 _ -> s194 _ >
s194 _ -> s195 _ >
s195 _ -> s196 _ >
s196 _ -> s197 _ >
s197 _ -> s198 _ >
s198 _ -> s199 _ >
s199 _ -> s200 _ >
s200 _ -> s201 _ >
s201 _ -> s202 _ >
s202 _ -> s203 _ >
s203 _ -> s204 _ >
s204 _ -> s205 _ >
s205 _ -> s206 _ >
s206 _ -> s207 _ >
s207 _ -> s208 _ >
s208 _ -> s209 _ >
s209 _ -> s210 _ >
s210 _ -> s211 _ >
s211 _ -> s212 _ >
s212 _ -> s213 _ >
s213 _ -> s214 _ >
s214 _ -> s215 _ >
s215 _ -> s216 _ >
s216 _ -> s217 _ >
s217 _ -> s218 _ >
s218 _ -> s219 _ >
s219 _ -> s220 _ >
s220 _ -> s221 _ >
s221 _ -> s222 _ >
s222 _ -> s223 _ >
s223 _ -> s224 _ >
s224 _ -> s225 _ >
s225 _ -> s226 _ >
s226 _ -> s227 _ >
s227 _ -> s228 _ >
s228 _ -> s229 _ >
s229 _ -> s230 _ >
s230 _ -> s231 _ >
s231 _ -> s232 _ >
s232 _ -> s233 _ >
s233 _ -> s234 _ >
s234 _ -> s235 _ >
s235 _ -> s236 _ >
s236 _ -> s237 _ >
s237 _ -> s238 _ >
s238 _ -> s239 _ >
s239 _ -> s240 _ >
s240 _ -> s241 _ >
s241 _ -> s242 _ >
s242 _ -> s243 _ >
s243 _ -> s244 _ >
s244 _ -> s245 _ >
s245 _ -> s246 _ >
s246 _ -> s247 _ >



s247 _ -> nazad # <
nazad _ -> nazad _ <
nazad 0 -> m0 e <
nazad 1 -> m1 f <
nazad e -> nazad e <
nazad f -> nazad f <

m0 a -> m0 a >
m0 b -> m0 b >
m0 _ -> m0 _ >
m0 1 -> m0 1 >
m0 0 -> m0 0 >
m0 3 -> m0 3 >
m0 2 -> m0 2 >
m0 c -> what c <
m0 d -> what d <
m0 e -> m0 e >
m0 f -> m0 f >
m0 # -> what # <
m0 * -> end * <

what 0 -> rev c <
what 1 -> rev d <
what _ -> rev c <
what 2 -> rev c <
what 3 -> rev d <

rev 0 -> rev 0 <
rev 1 -> rev 1 <
rev 2 -> rev 2 <
rev 3 -> rev 3 <
rev _ -> nazad _ <

m1 0 -> m1 0 <
m1 1 -> m1 1 <
m1 * -> u * <

u 0 -> u0 a >
u0 a -> u0 a >
u0 b -> u0 b >
u0 * -> u0 * >
u0 1 -> u0 1 >
u0 0 -> u0 0 >
u0 2 -> u0 2 >
u0 3 -> u0 3 >
u0 _ -> u0 _ >
u0 c -> p0 c <
u0 d -> p0 d <
u0 # -> p0 # <
u0 f -> u0 f >
u0 e -> u0 e >

u 1 -> u1 b >
u1 a -> u1 a >
u1 b -> u1 b >
u1 * -> u1 * >
u1 1 -> u1 1 >
u1 0 -> u1 0 >
u1 _ -> u1 _ >
u1 2 -> u1 2 >
u1 3 -> u1 3 >
u1 c -> p1 c <
u1 d -> p1 d <
u1 # -> p1 # <
u1 f -> u1 f >
u1 e -> u1 e >

p0 1 -> run d <
p0 0 -> run c <
p0 _ -> run c <

run 0 -> run 0 <  
run 1 -> run 1 <
run e -> run e <
run f -> run f <
run * -> find * <
run _ -> run _ <

find a -> find a <
find b -> find b <
find 0 -> z0 a >
find 1 -> z1 b >
find _ -> zzz _ >

z0 a -> z0 a >
z0 b -> z0 b >
z0 * -> z0 * >
z0 1 -> z0 1 >
z0 0 -> z0 0 >
z0 2 -> pz0 2 <
z0 3 -> pz0 3 <
z0 _ -> z0 _ >
z0 c -> pz0 c <
z0 d -> pz0 d <
z0 # -> pz0 # <
z0 f -> z0 f >
z0 e -> z0 e >

pz0 1 -> run 3 <
pz0 0 -> run 2 <
pz0 _ -> run 2 <

z1 a -> z1 a >
z1 b -> z1 b >
z1 * -> z1 * >
z1 1 -> z1 1 >
z1 0 -> z1 0 >
z1 _ -> z1 _ >
z1 2 -> pz1 2 <
z1 3 -> pz1 3 <
z1 c -> pz1 c <
z1 d -> pz1 d <
z1 # -> pz1 # <
z1 f -> z1 f >
z1 e -> z1 e >

pz1 1 -> add11 2 <
pz1 0 -> run 3 <
pz1 _ -> run 3 <

add11 1 -> add11 0 <
add11 0 -> run 1 <
add11 _ -> run 1 <

p1 1 -> add11 c <
p1 0 -> run d <
p1 _ -> run d <


zzz a -> zzz 0 >
zzz b -> zzz 1 >
zzz * -> zzzz * >
zzzz e -> end e ^
zzzz f -> end f ^
zzzz 0 -> y 0 >
zzzz 1 -> y 1 >
y 0 -> y 0 >
y 1 -> y 1 >
y e -> y e >
y f -> y f >
y _ -> chist _ >

chist _ -> chist _ >
chist 2 -> chist 0 >
chist 3 -> chist 1 >
chist c -> rev c <
chist d -> rev d <
chist 0 -> chist 0 >
chist 1 -> chist 1 >


end 1 -> end 1 <
end 0 -> end 0 <
end * -> end * <
end a -> end a <
end b -> end b <
end e -> end e <
end f -> end f <
end _ -> out _ >

out 1 -> out 1 >
out 0 -> out 0 >
out * -> out * >
out a -> out 0 >
out b -> out 1 >
out e -> out _ >
out f -> out _ >
out _ -> tt _ <

tt _ -> tt _ >
tt d -> tt 1 >
tt c -> tt 0 >
tt 3 -> tt 1 >
tt 2 -> tt 0 >
tt 1 -> tt 1 >
tt 0 -> tt 0 >
tt # -> ttt # <
ttt 1 -> ttt 1 <
ttt 0 -> ttt 0 <
ttt _ -> t _ >

t _ -> t _ >
t 1 -> t1 _ <
t 0 -> t0 _ <
t # -> change32 # <
t1 _ -> t1 _ <
t1 * -> postPER1 * >
t1 3 -> postPER1 3 >
t1 2 -> postPER1 2 >
t0 _ -> t0 _ <
t0 * -> postPER0 * >
t0 3 -> postPER0 3 >
t0 2 -> postPER0 2 >
postPER1 _ -> t 3 >
postPER0 _ -> t 2 > 

change32 _ -> change32 _ <
change32 3 -> change32 1 <
change32 2 -> change32 0 <
change32 * -> plmi * <

plmi _ -> plmi _ <
plmi 1 -> check10 0 <
plmi 0 -> plmi 1 <

check10 _ -> del0 _ >
del0 0 -> del0 _ >
del0 1 -> done 1 >
del0 * -> delete _ >
check10 1 -> done 1 >
check10 0 -> done 0 >

done 0 -> done 0 >
done 1 -> done 1 >
done _ -> nazad _ <
done * -> done * >

delete 1 -> delete 1 >
delete 0 -> delete 0 >
delete _ -> delete _ >
delete # -> k _ <
k _ -> k _ <
k 0 -> kk 0 <
k 1 -> kk 1 <
kk 0 -> kk 0 <
kk 1 -> kk 1 <
kk _ -> ac _ >




