2

S 0 _ -> x _ > 0 >
S 1 _ -> x _ > 1 >

x 0 _ -> x _ > 0 >
x 1 _ -> x _ > 1 >
x a _ -> and _ ^ _ <
x o _ -> or _ ^ _ <
x _ _ -> out _ ^ _ <

and _ 0 -> and0 _ ^ _ <
and _ 1 -> and1 _ ^ _ <

and0 _ 0 -> and00 _ ^ _ ^
and0 _ 1 -> and00 _ ^ _ ^
and1 _ 0 -> and00 _ ^ _ ^
and1 _ 1 -> and11 _ ^ _ ^

and00 _ _ -> x _ > 0 >
and11 _ _ -> x _ > 1 >
 
or _ 0 -> or0 _ ^ _ <
or _ 1 -> or1 _ ^ _ <

or0 _ 0 -> or00 _ ^ _ ^
or0 _ 1 -> or11 _ ^ _ ^
or1 _ 0 -> or11 _ ^ _ ^
or1 _ 1 -> or11 _ ^ _ ^

or00 _ _ -> x _ > 0 >
or11 _ _ -> x _ > 1 >


out _ 0 -> AC 0 ^ _ ^
out _ 1 -> AC 1 ^ _ ^